Determining if the pthread_create exist failed with the following output:
Change Dir: /user/gueguena/E5/Signal/TP2_Sigali/bistable/CMakeFiles/CMakeTmp

Run Build Command:/usr/bin/make "cmTryCompileExec2593780334/fast"
/usr/bin/make -f CMakeFiles/cmTryCompileExec2593780334.dir/build.make CMakeFiles/cmTryCompileExec2593780334.dir/build
make[1]: entrant dans le répertoire « /nfs/user/eleve/e5/gueguena/E5/Signal/TP2_Sigali/bistable/CMakeFiles/CMakeTmp »
/usr/bin/cmake -E cmake_progress_report /user/gueguena/E5/Signal/TP2_Sigali/bistable/CMakeFiles/CMakeTmp/CMakeFiles 1
Building C object CMakeFiles/cmTryCompileExec2593780334.dir/CheckSymbolExists.c.o
/usr/bin/gcc    -o CMakeFiles/cmTryCompileExec2593780334.dir/CheckSymbolExists.c.o   -c /user/gueguena/E5/Signal/TP2_Sigali/bistable/CMakeFiles/CMakeTmp/CheckSymbolExists.c
Linking C executable cmTryCompileExec2593780334
/usr/bin/cmake -E cmake_link_script CMakeFiles/cmTryCompileExec2593780334.dir/link.txt --verbose=1
/usr/bin/gcc         CMakeFiles/cmTryCompileExec2593780334.dir/CheckSymbolExists.c.o  -o cmTryCompileExec2593780334 -rdynamic 
CMakeFiles/cmTryCompileExec2593780334.dir/CheckSymbolExists.c.o: In function `main':
CheckSymbolExists.c:(.text+0x16): undefined reference to `pthread_create'
collect2: error: ld returned 1 exit status
make[1]: *** [cmTryCompileExec2593780334] Erreur 1
make[1]: quittant le répertoire « /nfs/user/eleve/e5/gueguena/E5/Signal/TP2_Sigali/bistable/CMakeFiles/CMakeTmp »
make: *** [cmTryCompileExec2593780334/fast] Erreur 2

File /user/gueguena/E5/Signal/TP2_Sigali/bistable/CMakeFiles/CMakeTmp/CheckSymbolExists.c:
/* */
#include <pthread.h>

int main(int argc, char** argv)
{
  (void)argv;
#ifndef pthread_create
  return ((int*)(&pthread_create))[argc];
#else
  (void)argc;
  return 0;
#endif
}

Determining if the function pthread_create exists in the pthreads failed with the following output:
Change Dir: /user/gueguena/E5/Signal/TP2_Sigali/bistable/CMakeFiles/CMakeTmp

Run Build Command:/usr/bin/make "cmTryCompileExec3588535710/fast"
/usr/bin/make -f CMakeFiles/cmTryCompileExec3588535710.dir/build.make CMakeFiles/cmTryCompileExec3588535710.dir/build
make[1]: entrant dans le répertoire « /nfs/user/eleve/e5/gueguena/E5/Signal/TP2_Sigali/bistable/CMakeFiles/CMakeTmp »
/usr/bin/cmake -E cmake_progress_report /user/gueguena/E5/Signal/TP2_Sigali/bistable/CMakeFiles/CMakeTmp/CMakeFiles 1
Building C object CMakeFiles/cmTryCompileExec3588535710.dir/CheckFunctionExists.c.o
/usr/bin/gcc   -DCHECK_FUNCTION_EXISTS=pthread_create   -o CMakeFiles/cmTryCompileExec3588535710.dir/CheckFunctionExists.c.o   -c /usr/share/cmake-2.8/Modules/CheckFunctionExists.c
Linking C executable cmTryCompileExec3588535710
/usr/bin/cmake -E cmake_link_script CMakeFiles/cmTryCompileExec3588535710.dir/link.txt --verbose=1
/usr/bin/gcc     -DCHECK_FUNCTION_EXISTS=pthread_create    CMakeFiles/cmTryCompileExec3588535710.dir/CheckFunctionExists.c.o  -o cmTryCompileExec3588535710 -rdynamic -lpthreads 
/usr/bin/ld: cannot find -lpthreads
collect2: error: ld returned 1 exit status
make[1]: *** [cmTryCompileExec3588535710] Erreur 1
make[1]: quittant le répertoire « /nfs/user/eleve/e5/gueguena/E5/Signal/TP2_Sigali/bistable/CMakeFiles/CMakeTmp »
make: *** [cmTryCompileExec3588535710/fast] Erreur 2


