Determining if the pthread_create exist failed with the following output:
Change Dir: /user/gautiery/E5/SE-5201-B/abs/CMakeFiles/CMakeTmp

Run Build Command:/usr/bin/make "cmTryCompileExec979996970/fast"
/usr/bin/make -f CMakeFiles/cmTryCompileExec979996970.dir/build.make CMakeFiles/cmTryCompileExec979996970.dir/build
make[1]: entrant dans le répertoire « /nfs/user/eleve/e5/gautiery/E5/SE-5201-B/abs/CMakeFiles/CMakeTmp »
/usr/bin/cmake -E cmake_progress_report /user/gautiery/E5/SE-5201-B/abs/CMakeFiles/CMakeTmp/CMakeFiles 1
Building C object CMakeFiles/cmTryCompileExec979996970.dir/CheckSymbolExists.c.o
/usr/bin/gcc    -o CMakeFiles/cmTryCompileExec979996970.dir/CheckSymbolExists.c.o   -c /user/gautiery/E5/SE-5201-B/abs/CMakeFiles/CMakeTmp/CheckSymbolExists.c
Linking C executable cmTryCompileExec979996970
/usr/bin/cmake -E cmake_link_script CMakeFiles/cmTryCompileExec979996970.dir/link.txt --verbose=1
/usr/bin/gcc         CMakeFiles/cmTryCompileExec979996970.dir/CheckSymbolExists.c.o  -o cmTryCompileExec979996970 -rdynamic 
CMakeFiles/cmTryCompileExec979996970.dir/CheckSymbolExists.c.o: In function `main':
CheckSymbolExists.c:(.text+0x16): undefined reference to `pthread_create'
collect2: error: ld returned 1 exit status
make[1]: *** [cmTryCompileExec979996970] Erreur 1
make[1]: quittant le répertoire « /nfs/user/eleve/e5/gautiery/E5/SE-5201-B/abs/CMakeFiles/CMakeTmp »
make: *** [cmTryCompileExec979996970/fast] Erreur 2

File /user/gautiery/E5/SE-5201-B/abs/CMakeFiles/CMakeTmp/CheckSymbolExists.c:
/* */
#include <pthread.h>

int main(int argc, char** argv)
{
  (void)argv;
#ifndef pthread_create
  return ((int*)(&pthread_create))[argc];
#else
  (void)argc;
  return 0;
#endif
}

Determining if the function pthread_create exists in the pthreads failed with the following output:
Change Dir: /user/gautiery/E5/SE-5201-B/abs/CMakeFiles/CMakeTmp

Run Build Command:/usr/bin/make "cmTryCompileExec2664159918/fast"
/usr/bin/make -f CMakeFiles/cmTryCompileExec2664159918.dir/build.make CMakeFiles/cmTryCompileExec2664159918.dir/build
make[1]: entrant dans le répertoire « /nfs/user/eleve/e5/gautiery/E5/SE-5201-B/abs/CMakeFiles/CMakeTmp »
/usr/bin/cmake -E cmake_progress_report /user/gautiery/E5/SE-5201-B/abs/CMakeFiles/CMakeTmp/CMakeFiles 1
Building C object CMakeFiles/cmTryCompileExec2664159918.dir/CheckFunctionExists.c.o
/usr/bin/gcc   -DCHECK_FUNCTION_EXISTS=pthread_create   -o CMakeFiles/cmTryCompileExec2664159918.dir/CheckFunctionExists.c.o   -c /usr/share/cmake-2.8/Modules/CheckFunctionExists.c
Linking C executable cmTryCompileExec2664159918
/usr/bin/cmake -E cmake_link_script CMakeFiles/cmTryCompileExec2664159918.dir/link.txt --verbose=1
/usr/bin/gcc     -DCHECK_FUNCTION_EXISTS=pthread_create    CMakeFiles/cmTryCompileExec2664159918.dir/CheckFunctionExists.c.o  -o cmTryCompileExec2664159918 -rdynamic -lpthreads 
/usr/bin/ld: cannot find -lpthreads
collect2: error: ld returned 1 exit status
make[1]: *** [cmTryCompileExec2664159918] Erreur 1
make[1]: quittant le répertoire « /nfs/user/eleve/e5/gautiery/E5/SE-5201-B/abs/CMakeFiles/CMakeTmp »
make: *** [cmTryCompileExec2664159918/fast] Erreur 2


